 ip =  0 /  2
 ip =  1 /  2
 
 <Please input the forward parameter file>
 file is aso_inv.ctl
 ### readcontrolfile END!! ###
 
 <input 0 for no topo, 1 for topofiles (itopoflag)>
 itopoflag =  1
 
 <Please enter global meshfile>
 global mesh file : ../mesh_aso_A04/nakadake3d.msh
 2dz    mesh file : ../mesh_aso_A04/nakadake2dz.msh
 line info   file : ../mesh_aso_A04/lineinfo.dat
 rotation angle is      0.0000000([NdegE])
 iflag_water_level =           0
 output folder    : ./result_inv/
header2d          : nakadake2d
header3d          : nakadake3d
 # of frequency :   8
   1.0000 [Hz]
   3.0000 [Hz]
   7.0000 [Hz]
  11.0000 [Hz]
  21.0000 [Hz]
  41.0000 [Hz]
  61.0000 [Hz]
  99.0000 [Hz]
 
 < input xbound and ybound >
 xbound(2)=  -1.7000
 xbound(3)=   1.7000
 ybound(2)=  -1.5000
 ybound(3)=   1.5000
 
 < input meshinfo >
 lenout      =  50.0000
 upzin       =   1.3000
 downzin     =  -1.1000
 zmax        =  50.0000
 zmin        = -50.0000
 sizein      =   0.1500
 sizebo      =  10.0000
 sigma_obs   =   0.4000
 A_obs       =   0.0100
 dlen_source =   0.1000
 sigma_src   =   0.3000
 A_src       =   0.0050
 
 xbound = -51.7000  -1.7000   1.7000  51.7000
 ybound = -51.5000  -1.5000   1.5000  51.5000
 zbound = -50.0000  -1.1000   1.3000  50.0000
 
 # of observatories :   4
 UTM zone : 52S
 lonorigin =   131.084782000000     
 latorigin =   32.8848820000000     
< conversion of Lon Lat to UTM x (east), y (north) [km]>
 
 A02 :    131.0834110     32.8867060     -0.0010000
  UTM>     -0.1322721      0.1997210 [km]
 
 A04 :    131.0819390     32.8848080     -0.0010000
  UTM>     -0.2658421     -0.0134595 [km]
 
 A01 :    131.0833670     32.8827250     -0.0010000
  UTM>     -0.1276699     -0.2417963 [km]
 
 A03 :    131.0868470     32.8819810     -0.0010000
  UTM>      0.1995749     -0.3178590 [km]
 
 
 < input ixyflag: 0 for nothing, 1 for xy plan view >
 ixyflag =  0
 
 < input # of source wires > 
 # of source wires (nsource) =  1
 source name: S1                                                
 Start point (lon,lat,z)=   0.0000   0.0000  -0.0010
 End   point (lon,lat,z)=   0.0000   0.0000  -0.0010
  converted with UTM to :
 xs1 (x,y,z)=     -0.6069508      0.6448089     -0.0010000
 xs2 (x,y,z)=     -0.3243553      0.6981372     -0.0010000
 Electric source current :   1.000000     [A]
 sigma_air =  0.1000000E-07 [S/m]
 cond file is./cond_homo.msh                                   
 condfile : ./cond_homo.msh                                   
 g_cond%nphys2 =      476810
 ### READCOND  END!! ###
 ### READ FORWAR PARAM END!! ###
 
 <Please input the inversion parameter file>
 file is inv201405_ap.ctl
 ### readcontrolfile END!! ###
 
 <Input path for faceinfo file>
 faceinfo file : ../mesh_aso_A04/faceinfo.dat                      
 
 < reference conductivity model >
 < Input icondflag_ref: 1 (condfile), or 2 (modelconnect and model file) >
 icondflag_ref =  1
 
 < input path for reference conductivity structure file >
 refcondfile : ./cond_homo.msh                                   
 
 < initial conductivity model >
 < Input icondflag_ini: 1 (condfile), or 2 (modelconnect and model file) >
 icondflag_ini =  1
 
 < input path for initial conductivity structure file >
 initcondfile : ./cond_init.msh                                   
 
 < input output folder for inversion result >
 output folder for inversion: ./result_ms0/                                     
 
 < input error floor [0-1] >
 errorfloor      =   0.010
 
 < Input roughness type >
 < 1:Smoothest,2:minimum support,3:Minimum support gradient,4:Minimum gradient support>
 itype_roughness =  1
 
 < Input ialphaflag >
 < 1 for L-curve strategy; 2 for cooling w alpha, 3: cooling (Minami) (ialphaflag) >
 ialphaflag  =  2
 
 < Input initial alpha [real] >
 initial alpha [real] :   1.000
 
 < Enter iflag_replace 0:nothing, 1:replace ref model when rms is larger than previous> 
 iflag_replace  =   1
 
 < Input iboundflag 0:off, 1:on, 2: Transformed variable >
iboundflag =  0
 
 < Input # of sources for inversion >
 nsr_inv =  1
 
 <Input 0 or 1 for use of Bx,By,Bz,Ex,Ey component as (5i2)>
 <When 1 is chosen for a component, you should supply data file for all src & site>
 
 < Input source index specified in forward ctl file >
 
 < Input # of observations for inversion for current source >
 Source           1 nobs_s :           4
 ndat=   64
 Assembled data vector for inversion : 
                                log10(amp [nT/A]) / phase [deg]
  1 obs#  1 A02 Bz amp dat,err=     -1.0401542      0.0043429 src  1 freq  1
  2 obs#  1 A02 Bz pha dat,err=    178.9920511      0.5729673 src  1 freq  1
  3 obs#  2 A04 Bz amp dat,err=     -1.0911934      0.0043429 src  1 freq  1
  4 obs#  2 A04 Bz pha dat,err=    179.9999986      0.5729673 src  1 freq  1
  5 obs#  3 A01 Bz amp dat,err=     -1.3846571      0.0043429 src  1 freq  1
  6 obs#  3 A01 Bz pha dat,err=    179.2785300      0.5729673 src  1 freq  1
  7 obs#  4 A03 Bz amp dat,err=     -2.0860167      0.0043429 src  1 freq  1
  8 obs#  4 A03 Bz pha dat,err=    179.8514879      0.5729673 src  1 freq  1
  9 obs#  1 A02 Bz amp dat,err=     -1.0401542      0.0043429 src  1 freq  2
 10 obs#  1 A02 Bz pha dat,err=    177.5596563      0.5729673 src  1 freq  2
 11 obs#  2 A04 Bz amp dat,err=     -1.0959973      0.0043429 src  1 freq  2
 12 obs#  2 A04 Bz pha dat,err=    177.2498007      1.2249840 src  1 freq  2
 13 obs#  3 A01 Bz amp dat,err=     -1.3942986      0.0043429 src  1 freq  2
 14 obs#  3 A01 Bz pha dat,err=    176.1845573      0.5729673 src  1 freq  2
 15 obs#  4 A03 Bz amp dat,err=     -2.0952250      0.0043429 src  1 freq  2
 16 obs#  4 A03 Bz pha dat,err=    176.8148110      0.5729673 src  1 freq  2
 17 obs#  1 A02 Bz amp dat,err=     -1.0454025      0.0043429 src  1 freq  3
 18 obs#  1 A02 Bz pha dat,err=    176.5856279      0.5729673 src  1 freq  3
 19 obs#  2 A04 Bz amp dat,err=     -1.1053179      0.0043429 src  1 freq  3
 20 obs#  2 A04 Bz pha dat,err=    173.2963911      1.9818614 src  1 freq  3
 21 obs#  3 A01 Bz amp dat,err=     -1.4142483      0.0043429 src  1 freq  3
 22 obs#  3 A01 Bz pha dat,err=    172.0592604      0.5729673 src  1 freq  3
 23 obs#  4 A03 Bz amp dat,err=     -2.1091823      0.0043429 src  1 freq  3
 24 obs#  4 A03 Bz pha dat,err=    170.5695698      0.5729673 src  1 freq  3
 25 obs#  1 A02 Bz amp dat,err=     -1.0538441      0.0043429 src  1 freq  4
 26 obs#  1 A02 Bz pha dat,err=    175.8407826      1.7160089 src  1 freq  4
 27 obs#  2 A04 Bz amp dat,err=     -1.1166816      0.0043429 src  1 freq  4
 28 obs#  2 A04 Bz pha dat,err=    171.1191510      0.5729673 src  1 freq  4
 29 obs#  3 A01 Bz amp dat,err=     -1.4371114      0.0043429 src  1 freq  4
 30 obs#  3 A01 Bz pha dat,err=    169.1371750      1.7160089 src  1 freq  4
 31 obs#  4 A03 Bz amp dat,err=     -2.1212485      0.0043429 src  1 freq  4
 32 obs#  4 A03 Bz pha dat,err=    167.7620760      1.7160089 src  1 freq  4
 33 obs#  1 A02 Bz amp dat,err=     -1.0782984      0.0043429 src  1 freq  5
 34 obs#  1 A02 Bz pha dat,err=    174.2365004      1.3160843 src  1 freq  5
 35 obs#  2 A04 Bz amp dat,err=     -1.1403418      0.0043429 src  1 freq  5
 36 obs#  2 A04 Bz pha dat,err=    168.1397699      0.6812470 src  1 freq  5
 37 obs#  3 A01 Bz amp dat,err=     -1.4862512      0.0043429 src  1 freq  5
 38 obs#  3 A01 Bz pha dat,err=    165.1837655      1.3160843 src  1 freq  5
 39 obs#  4 A03 Bz amp dat,err=     -2.1474285      0.0043429 src  1 freq  5
 40 obs#  4 A03 Bz pha dat,err=    165.4129486      1.3160843 src  1 freq  5
 41 obs#  1 A02 Bz amp dat,err=     -1.0952369      0.0043429 src  1 freq  6
 42 obs#  1 A02 Bz pha dat,err=    172.3457393      0.6669230 src  1 freq  6
 43 obs#  2 A04 Bz amp dat,err=     -1.1875606      0.0043429 src  1 freq  6
 44 obs#  2 A04 Bz pha dat,err=    164.9885014      1.3504618 src  1 freq  6
 45 obs#  3 A01 Bz amp dat,err=     -1.5416689      0.0043429 src  1 freq  6
 46 obs#  3 A01 Bz pha dat,err=    163.2930044      0.6669230 src  1 freq  6
 47 obs#  4 A03 Bz amp dat,err=     -2.2033563      0.0043429 src  1 freq  6
 48 obs#  4 A03 Bz pha dat,err=    162.6627506      0.6669230 src  1 freq  6
 49 obs#  1 A02 Bz amp dat,err=     -1.1062321      0.0043429 src  1 freq  7
 50 obs#  1 A02 Bz pha dat,err=    171.3144151      0.5729673 src  1 freq  7
 51 obs#  2 A04 Bz amp dat,err=     -1.2308554      0.0043429 src  1 freq  7
 52 obs#  2 A04 Bz pha dat,err=    164.3009519      0.5729673 src  1 freq  7
 53 obs#  3 A01 Bz amp dat,err=     -1.5759649      0.0043429 src  1 freq  7
 54 obs#  3 A01 Bz pha dat,err=    162.2043843      0.5729673 src  1 freq  7
 55 obs#  4 A03 Bz amp dat,err=     -2.2507585      0.0043429 src  1 freq  7
 56 obs#  4 A03 Bz pha dat,err=    161.3449475      0.5729673 src  1 freq  7
 57 obs#  1 A02 Bz amp dat,err=     -1.1113236      0.0043429 src  1 freq  8
 58 obs#  1 A02 Bz pha dat,err=    170.0539077      0.5729673 src  1 freq  8
 59 obs#  2 A04 Bz amp dat,err=     -1.2863726      0.0043429 src  1 freq  8
 60 obs#  2 A04 Bz pha dat,err=    163.3269235      0.5729673 src  1 freq  8
 61 obs#  3 A01 Bz amp dat,err=     -1.6132033      0.0043429 src  1 freq  8
 62 obs#  3 A01 Bz pha dat,err=    160.1417358      0.5729673 src  1 freq  8
 63 obs#  4 A03 Bz amp dat,err=     -2.3025440      0.0043429 src  1 freq  8
 64 obs#  4 A03 Bz pha dat,err=    157.7926084      0.5729673 src  1 freq  8
 
 < Input icombine >
 < icombine = 0: not combine the outside model >
 < icombine = 1: combine the outside models and make it variable through inversion >
 < icombine = 2: combine the outside model and fix it to the initial model >
 icombine =  1
 
 < Input nxdiv for partition of model space in x direction>
 nxdiv = 10
 
 < Input nxdiv x coordinates>
  -1.5000  -1.2000  -0.7500  -0.4500  -0.1500   0.1500   0.4500   0.7500   1.2000   1.5000
 
 < Input nxdiv for partition of model space in y direction>
 nydiv = 10
 
 < Input nydiv y coordinates>
  -1.5000  -1.2000  -0.7500  -0.4500  -0.1500   0.1500   0.4500   0.7500   1.2000   1.5000
 
 < Input nzdiv for partition of model space in z direction>
 nzdiv = 21
 
 < Input nzdiv z coordinates>
   0.0000   0.2500   0.5000   0.6000   0.7000   0.8000   0.8500   0.9000   0.9500   1.0000
   1.0250   1.0500   1.0750   1.1000   1.1250   1.1500   1.1750   1.2000   1.2250   1.2500
   1.5000
 
 ### READ MODELPARA END!! ###
 
 < Input 0 for default or 1 for output Jacobian matrix >
 ioutlevel =  1
 
 < Enter final rms for convergence >
 finalrms  =   1.000
 ### READPARAINVAP END!! ### Time=   0.0000 [min]
 
 ### COUNT ../mesh_aso_A04/nakadake3d.msh END!! ###
 ===< ../mesh_aso_A04/nakadake3d.msh >===
 # of nodes         (node) :    143152
 # of elements      (nele) :    894603
 # of Point       elements :         0
 # of Line        elements :         5
 # of Triangle    elements :     41876
 # of Tetrahedron elements :    852722
 # of Traiangle group1     :       224
 ========================================
 ### READ  ../mesh_aso_A04/nakadake3d.msh END!! ###
 
 ### COUNT ../mesh_aso_A04/nakadake2dz.msh END!! ###
 ===< ../mesh_aso_A04/nakadake2dz.msh >===
 # of nodes         (node) :     12044
 # of elements      (nele) :     24090
 # of Point       elements :         4
 # of Line        elements :        36
 # of Triangle    elements :     24050
 # of Tetrahedron elements :         0
 # of Traiangle group1     :     24050
 =========================================
 ### READ  ../mesh_aso_A04/nakadake2dz.msh END!! ###
 
 ### GENXYZMINMAX END!! ###
 ### allocate_2Dgrid_list END!! ###
 Obs #   1A02                                               
 x,y =  -0.132 ,   -0.132 [km]
   z =  -0.001 ->   1.286 [km]
 Obs #   2A04                                               
 x,y =  -0.266 ,   -0.266 [km]
   z =  -0.001 ->   1.248 [km]
 Obs #   3A01                                               
 x,y =  -0.128 ,   -0.128 [km]
   z =  -0.001 ->   1.264 [km]
 Obs #   4A03                                               
 x,y =   0.200 ,    0.200 [km]
   z =  -0.001 ->   1.237 [km]
 Src # =   1
 Start point:
 x,y =  -0.607 ,    0.645 [km]
   z =  -0.001 ->   1.154 [km]
 End point:
 x,y =  -0.324 ,    0.698 [km]
   z =  -0.001 ->   1.179 [km]
 ### PREPZSRCOBS  END!! ###
 ### GENXYZMINMAX END!! ###
 nline =      996652
 ### READLINE     END!! ###
 node-element connectivity end!
 n1=      100000 node=      143152
 nface=     1706223
 ### MKFACE END ###
 ### MKN4FACE END!! ###
 ### FACE2ELEMENT END!! ###
 condfile : ./cond_homo.msh                                   
 g_cond%nphys2 =      476810
 ### READCOND  END!! ###
 condfile : ./cond_init.msh                                   
 g_cond%nphys2 =      476810
 ### READCOND  END!! ###
 nphys1=      375912 nphys2=      476810 ntet=      852722
 nphys1=      375912 nphys2=      476810 ntet=      852722
 check1
 nxdiv,nydiv,nzdiv=          10          10          21
 # of initial model parameters: nmodel=        1621
 nmodel        1621 ->        1418
 ### OUTMODEL END!! ### Time =   0.0000 [min]
 GENDQ_AP nmodel   1418
 ## D      is generated!! ##
 ## Q      is generated!! ##
 ## DQ     is generated!! ## Time =   0.0000[min]
 ## QTDQ   is generated!! ## Time =   0.0000[min]
 ## DQ     is generated!! ##
 ## R      is generated!! ##
 ## DQTCCS is generated!! ##
 ## DQT    is generated!! ##
 ## RTR    is generated!! ##
 ### GENDQ END!! ### Time=   0.0000 [min]
 solvePARDISO start!!
 Reordering completed ... 
 Number of nonzeros in factors =       852902
 Number of factorization MFLOPS =          347
 ### PARDISOphase2 start!! ###
 Factorization completed ... 
 ### PARDISOphase2 END!! ###
 nite=          15
 i           1 nmodel/nrhsmax          14
 nmodel 4        1418
 nrhsmax 4         100
 size(x)      141800
 i           2 nmodel/nrhsmax          14
 nmodel 4        1418
 nrhsmax 4         100
 size(x)      141800
 i           3 nmodel/nrhsmax          14
 nmodel 4        1418
 nrhsmax 4         100
 size(x)      141800
 i           4 nmodel/nrhsmax          14
 nmodel 4        1418
 nrhsmax 4         100
 size(x)      141800
 i           5 nmodel/nrhsmax          14
 nmodel 4        1418
 nrhsmax 4         100
 size(x)      141800
 i           6 nmodel/nrhsmax          14
 nmodel 4        1418
 nrhsmax 4         100
 size(x)      141800
 i           7 nmodel/nrhsmax          14
 nmodel 4        1418
 nrhsmax 4         100
 size(x)      141800
 i           8 nmodel/nrhsmax          14
 nmodel 4        1418
 nrhsmax 4         100
 size(x)      141800
 i           9 nmodel/nrhsmax          14
 nmodel 4        1418
 nrhsmax 4         100
 size(x)      141800
 i          10 nmodel/nrhsmax          14
 nmodel 4        1418
 nrhsmax 4         100
 size(x)      141800
 i          11 nmodel/nrhsmax          14
 nmodel 4        1418
 nrhsmax 4         100
 size(x)      141800
 i          12 nmodel/nrhsmax          14
 nmodel 4        1418
 nrhsmax 4         100
 size(x)      141800
 i          13 nmodel/nrhsmax          14
 nmodel 4        1418
 nrhsmax 4         100
 size(x)      141800
 i          14 nmodel/nrhsmax          14
 nmodel 4        1418
 nrhsmax 4         100
 size(x)      141800
 nres=          18
 icount=        1418 nmodel=        1418
 ## xccs are generated! ##
 ## CMCCS is generated! ##
 ## CM is generated! ##
 ### PARDISOphase3 END!! ###
 ### GENBMI_SM END!! ### Time=   0.0000 [min]
 ndat=          64
 ### GENCD_AP END!! ###
 ip=0 nphys2=      476810
 ### SHAREFPARAM   END!! ###
 ### SHAREFORWARD  END!! ###
 ### SHAREMESH     END!! ###
 ### SHARELINE     END!! ###
 ### SHAREMESHLINE END!! ###
 ### SHAREINVPARA  END!! ###
 ### SHAREMODEL  END!! ###   Time =  0.000 [min]
 ### ALLOCATERESP END!! ###
 
 ======= iteration step =  1 START!! ======
 ### OUTMODEL END!! ### Time =   0.0000 [min]
        1418
        1418
 ip =  0/  2 freq =   1.0000 [Hz] start!!
 ip =  1/  2 freq =   3.0000 [Hz] start!!
[mpiexec@LAPTOP-PI3BNTJL] Sending Ctrl-C to processes as requested
[mpiexec@LAPTOP-PI3BNTJL] Press Ctrl-C again to force abort
forrtl: error (69): process interrupted (SIGINT)
Image              PC                Routine            Line        Source             
libc.so.6          00007FCB6461B330  Unknown               Unknown  Unknown
libc.so.6          00007FCB646F2574  __write               Unknown  Unknown
ebfem_inv_ap.exe   00000000005EEB38  Unknown               Unknown  Unknown
ebfem_inv_ap.exe   00000000005EF870  Unknown               Unknown  Unknown
ebfem_inv_ap.exe   000000000060B3D0  Unknown               Unknown  Unknown
ebfem_inv_ap.exe   000000000052AD03  solvepardisoinv           145  solvePARDISOinv.f90
ebfem_inv_ap.exe   0000000000572778  forward_apinv              64  forward_apinv.f90
ebfem_inv_ap.exe   00000000005AE668  inversion_ap              280  n_inv_ap.f90
ebfem_inv_ap.exe   00000000004064DD  Unknown               Unknown  Unknown
libc.so.6          00007FCB646001CA  Unknown               Unknown  Unknown
libc.so.6          00007FCB6460028B  __libc_start_main     Unknown  Unknown
ebfem_inv_ap.exe   00000000004063F5  Unknown               Unknown  Unknown
forrtl: error (69): process interrupted (SIGINT)
Image              PC                Routine            Line        Source             
libc.so.6          00007FBFE941B330  Unknown               Unknown  Unknown
libc.so.6          00007FBFE94F2574  __write               Unknown  Unknown
ebfem_inv_ap.exe   00000000005EEB38  Unknown               Unknown  Unknown
ebfem_inv_ap.exe   00000000005EF870  Unknown               Unknown  Unknown
ebfem_inv_ap.exe   000000000060B3D0  Unknown               Unknown  Unknown
ebfem_inv_ap.exe   000000000052AD03  solvepardisoinv           145  solvePARDISOinv.f90
ebfem_inv_ap.exe   0000000000572778  forward_apinv              64  forward_apinv.f90
ebfem_inv_ap.exe   00000000005AE668  inversion_ap              280  n_inv_ap.f90
ebfem_inv_ap.exe   00000000004064DD  Unknown               Unknown  Unknown
libc.so.6          00007FBFE94001CA  Unknown               Unknown  Unknown
libc.so.6          00007FBFE940028B  __libc_start_main     Unknown  Unknown
ebfem_inv_ap.exe   00000000004063F5  Unknown               Unknown  Unknown
